# JRE version: OpenJDK Runtime Environment (8.0_242-b01) (build 1.8.0_242-release-1644-b01)
# Java VM: OpenJDK 64-Bit Server VM (25.242-b01 mixed mode windows-amd64 compressed oops)
Heap:
 PSYoungGen      total 469504K, used 164475K [0x00000000d5580000, 0x00000000f9a80000, 0x0000000100000000)
  eden space 425472K, 36% used [0x00000000d5580000,0x00000000debd6ed0,0x00000000ef500000)
  from space 44032K, 23% used [0x00000000ef500000,0x00000000eff48010,0x00000000f2000000)
  to   space 43520K, 0% used [0x00000000f7000000,0x00000000f7000000,0x00000000f9a80000)
 ParOldGen       total 220160K, used 85749K [0x0000000080000000, 0x000000008d700000, 0x00000000d5580000)
  object space 220160K, 38% used [0x0000000080000000,0x00000000853bd7d8,0x000000008d700000)
 Metaspace       used 90026K, capacity 95094K, committed 95256K, reserved 1132544K
  class space    used 12184K, capacity 13084K, committed 13104K, reserved 1048576K
GC Heap History (10 events):
Event: 75.179 GC heap before
{Heap before GC invocations=20 (full 3):
 PSYoungGen      total 350208K, used 335097K [0x00000000d5580000, 0x00000000edc80000, 0x0000000100000000)
  eden space 307712K, 100% used [0x00000000d5580000,0x00000000e8200000,0x00000000e8200000)
  from space 42496K, 64% used [0x00000000eac00000,0x00000000ec6be488,0x00000000ed580000)
  to   space 43008K, 0% used [0x00000000e8200000,0x00000000e8200000,0x00000000eac00000)
 ParOldGen       total 220160K, used 65849K [0x0000000080000000, 0x000000008d700000, 0x00000000d5580000)
  object space 220160K, 29% used [0x0000000080000000,0x000000008404e690,0x000000008d700000)
 Metaspace       used 88980K, capacity 93864K, committed 94232K, reserved 1130496K
  class space    used 12115K, capacity 12989K, committed 13104K, reserved 1048576K
Event: 75.235 GC heap after
Heap after GC invocations=20 (full 3):
 PSYoungGen      total 350720K, used 27032K [0x00000000d5580000, 0x00000000f0680000, 0x0000000100000000)
  eden space 307712K, 0% used [0x00000000d5580000,0x00000000d5580000,0x00000000e8200000)
  from space 43008K, 62% used [0x00000000e8200000,0x00000000e9c66278,0x00000000eac00000)
  to   space 43520K, 0% used [0x00000000edc00000,0x00000000edc00000,0x00000000f0680000)
 ParOldGen       total 220160K, used 65849K [0x0000000080000000, 0x000000008d700000, 0x00000000d5580000)
  object space 220160K, 29% used [0x0000000080000000,0x000000008404e690,0x000000008d700000)
 Metaspace       used 88980K, capacity 93864K, committed 94232K, reserved 1130496K
  class space    used 12115K, capacity 12989K, committed 13104K, reserved 1048576K
}
Event: 77.406 GC heap before
{Heap before GC invocations=21 (full 3):
 PSYoungGen      total 350720K, used 334744K [0x00000000d5580000, 0x00000000f0680000, 0x0000000100000000)
  eden space 307712K, 100% used [0x00000000d5580000,0x00000000e8200000,0x00000000e8200000)
  from space 43008K, 62% used [0x00000000e8200000,0x00000000e9c66278,0x00000000eac00000)
  to   space 43520K, 0% used [0x00000000edc00000,0x00000000edc00000,0x00000000f0680000)
 ParOldGen       total 220160K, used 65849K [0x0000000080000000, 0x000000008d700000, 0x00000000d5580000)
  object space 220160K, 29% used [0x0000000080000000,0x000000008404e690,0x000000008d700000)
 Metaspace       used 89040K, capacity 93940K, committed 94232K, reserved 1130496K
  class space    used 12119K, capacity 12989K, committed 13104K, reserved 1048576K
Event: 77.491 GC heap after
Heap after GC invocations=21 (full 3):
 PSYoungGen      total 399360K, used 28391K [0x00000000d5580000, 0x00000000f0d80000, 0x0000000100000000)
  eden space 355840K, 0% used [0x00000000d5580000,0x00000000d5580000,0x00000000eb100000)
  from space 43520K, 65% used [0x00000000edc00000,0x00000000ef7b9f58,0x00000000f0680000)
  to   space 44032K, 0% used [0x00000000eb100000,0x00000000eb100000,0x00000000edc00000)
 ParOldGen       total 220160K, used 65857K [0x0000000080000000, 0x000000008d700000, 0x00000000d5580000)
  object space 220160K, 29% used [0x0000000080000000,0x0000000084050690,0x000000008d700000)
 Metaspace       used 89040K, capacity 93940K, committed 94232K, reserved 1130496K
  class space    used 12119K, capacity 12989K, committed 13104K, reserved 1048576K
}
Event: 79.784 GC heap before
{Heap before GC invocations=22 (full 3):
 PSYoungGen      total 399360K, used 384231K [0x00000000d5580000, 0x00000000f0d80000, 0x0000000100000000)
  eden space 355840K, 100% used [0x00000000d5580000,0x00000000eb100000,0x00000000eb100000)
  from space 43520K, 65% used [0x00000000edc00000,0x00000000ef7b9f58,0x00000000f0680000)
  to   space 44032K, 0% used [0x00000000eb100000,0x00000000eb100000,0x00000000edc00000)
 ParOldGen       total 220160K, used 65857K [0x0000000080000000, 0x000000008d700000, 0x00000000d5580000)
  object space 220160K, 29% used [0x0000000080000000,0x0000000084050690,0x000000008d700000)
 Metaspace       used 89084K, capacity 94016K, committed 94232K, reserved 1130496K
  class space    used 12120K, capacity 12991K, committed 13104K, reserved 1048576K
Event: 79.883 GC heap after
Heap after GC invocations=22 (full 3):
 PSYoungGen      total 399872K, used 28322K [0x00000000d5580000, 0x00000000f4b80000, 0x0000000100000000)
  eden space 355840K, 0% used [0x00000000d5580000,0x00000000d5580000,0x00000000eb100000)
  from space 44032K, 64% used [0x00000000eb100000,0x00000000ecca8828,0x00000000edc00000)
  to   space 44544K, 0% used [0x00000000f2000000,0x00000000f2000000,0x00000000f4b80000)
 ParOldGen       total 220160K, used 65865K [0x0000000080000000, 0x000000008d700000, 0x00000000d5580000)
  object space 220160K, 29% used [0x0000000080000000,0x0000000084052690,0x000000008d700000)
 Metaspace       used 89084K, capacity 94016K, committed 94232K, reserved 1130496K
  class space    used 12120K, capacity 12991K, committed 13104K, reserved 1048576K
}
Event: 81.858 GC heap before
{Heap before GC invocations=23 (full 3):
 PSYoungGen      total 399872K, used 384162K [0x00000000d5580000, 0x00000000f4b80000, 0x0000000100000000)
  eden space 355840K, 100% used [0x00000000d5580000,0x00000000eb100000,0x00000000eb100000)
  from space 44032K, 64% used [0x00000000eb100000,0x00000000ecca8828,0x00000000edc00000)
  to   space 44544K, 0% used [0x00000000f2000000,0x00000000f2000000,0x00000000f4b80000)
 ParOldGen       total 220160K, used 65865K [0x0000000080000000, 0x000000008d700000, 0x00000000d5580000)
  object space 220160K, 29% used [0x0000000080000000,0x0000000084052690,0x000000008d700000)
 Metaspace       used 89103K, capacity 94016K, committed 94232K, reserved 1130496K
  class space    used 12120K, capacity 12991K, committed 13104K, reserved 1048576K
Event: 81.953 GC heap after
Heap after GC invocations=23 (full 3):
 PSYoungGen      total 470016K, used 11298K [0x00000000d5580000, 0x00000000f4f80000, 0x0000000100000000)
  eden space 425472K, 0% used [0x00000000d5580000,0x00000000d5580000,0x00000000ef500000)
  from space 44544K, 25% used [0x00000000f2000000,0x00000000f2b088d8,0x00000000f4b80000)
  to   space 44032K, 0% used [0x00000000ef500000,0x00000000ef500000,0x00000000f2000000)
 ParOldGen       total 220160K, used 83481K [0x0000000080000000, 0x000000008d700000, 0x00000000d5580000)
  object space 220160K, 37% used [0x0000000080000000,0x0000000085186420,0x000000008d700000)
 Metaspace       used 89103K, capacity 94016K, committed 94232K, reserved 1130496K
  class space    used 12120K, capacity 12991K, committed 13104K, reserved 1048576K
}
Event: 85.947 GC heap before
{Heap before GC invocations=24 (full 3):
 PSYoungGen      total 470016K, used 436770K [0x00000000d5580000, 0x00000000f4f80000, 0x0000000100000000)
  eden space 425472K, 100% used [0x00000000d5580000,0x00000000ef500000,0x00000000ef500000)
  from space 44544K, 25% used [0x00000000f2000000,0x00000000f2b088d8,0x00000000f4b80000)
  to   space 44032K, 0% used [0x00000000ef500000,0x00000000ef500000,0x00000000f2000000)
 ParOldGen       total 220160K, used 83481K [0x0000000080000000, 0x000000008d700000, 0x00000000d5580000)
  object space 220160K, 37% used [0x0000000080000000,0x0000000085186420,0x000000008d700000)
 Metaspace       used 89365K, capacity 94292K, committed 94488K, reserved 1130496K
  class space    used 12124K, capacity 12991K, committed 13104K, reserved 1048576K
Event: 86.004 GC heap after
Heap after GC invocations=24 (full 3):
 PSYoungGen      total 469504K, used 10528K [0x00000000d5580000, 0x00000000f9a80000, 0x0000000100000000)
  eden space 425472K, 0% used [0x00000000d5580000,0x00000000d5580000,0x00000000ef500000)
  from space 44032K, 23% used [0x00000000ef500000,0x00000000eff48010,0x00000000f2000000)
  to   space 43520K, 0% used [0x00000000f7000000,0x00000000f7000000,0x00000000f9a80000)
 ParOldGen       total 220160K, used 85749K [0x0000000080000000, 0x000000008d700000, 0x00000000d5580000)
  object space 220160K, 38% used [0x0000000080000000,0x00000000853bd7d8,0x000000008d700000)
 Metaspace       used 89365K, capacity 94292K, committed 94488K, reserved 1130496K
  class space    used 12124K, capacity 12991K, committed 13104K, reserved 1048576K
}

