# JRE version: OpenJDK Runtime Environment (8.0_242-b01) (build 1.8.0_242-release-1644-b01)
# Java VM: OpenJDK 64-Bit Server VM (25.242-b01 mixed mode windows-amd64 compressed oops)
Heap:
 PSYoungGen      total 271360K, used 236800K [0x00000000d5580000, 0x00000000e7d80000, 0x0000000100000000)
  eden space 240128K, 91% used [0x00000000d5580000,0x00000000e2b161a0,0x00000000e4000000)
  from space 31232K, 57% used [0x00000000e5e00000,0x00000000e6faa030,0x00000000e7c80000)
  to   space 30720K, 0% used [0x00000000e4000000,0x00000000e4000000,0x00000000e5e00000)
 ParOldGen       total 335872K, used 63863K [0x0000000080000000, 0x0000000094800000, 0x00000000d5580000)
  object space 335872K, 19% used [0x0000000080000000,0x0000000083e5df70,0x0000000094800000)
 Metaspace       used 107363K, capacity 113038K, committed 113304K, reserved 1146880K
  class space    used 13879K, capacity 14918K, committed 15024K, reserved 1048576K
GC Heap History (10 events):
Event: 1980.437 GC heap before
{Heap before GC invocations=16 (full 3):
 PSYoungGen      total 254464K, used 254456K [0x00000000d5580000, 0x00000000e8080000, 0x0000000100000000)
  eden space 228864K, 100% used [0x00000000d5580000,0x00000000e3500000,0x00000000e3500000)
  from space 25600K, 99% used [0x00000000e5680000,0x00000000e6f7e028,0x00000000e6f80000)
  to   space 34304K, 0% used [0x00000000e3500000,0x00000000e3500000,0x00000000e5680000)
 ParOldGen       total 215040K, used 59084K [0x0000000080000000, 0x000000008d200000, 0x00000000d5580000)
  object space 215040K, 27% used [0x0000000080000000,0x00000000839b3020,0x000000008d200000)
 Metaspace       used 91372K, capacity 96256K, committed 96408K, reserved 1132544K
  class space    used 11948K, capacity 12881K, committed 12976K, reserved 1048576K
Event: 1980.462 GC heap after
Heap after GC invocations=16 (full 3):
 PSYoungGen      total 235008K, used 12047K [0x00000000d5580000, 0x00000000e6f00000, 0x0000000100000000)
  eden space 222720K, 0% used [0x00000000d5580000,0x00000000d5580000,0x00000000e2f00000)
  from space 12288K, 98% used [0x00000000e3500000,0x00000000e40c3d50,0x00000000e4100000)
  to   space 32768K, 0% used [0x00000000e4f00000,0x00000000e4f00000,0x00000000e6f00000)
 ParOldGen       total 215040K, used 81847K [0x0000000080000000, 0x000000008d200000, 0x00000000d5580000)
  object space 215040K, 38% used [0x0000000080000000,0x0000000084fede20,0x000000008d200000)
 Metaspace       used 91372K, capacity 96256K, committed 96408K, reserved 1132544K
  class space    used 11948K, capacity 12881K, committed 12976K, reserved 1048576K
}
Event: 2012.260 GC heap before
{Heap before GC invocations=17 (full 3):
 PSYoungGen      total 235008K, used 93557K [0x00000000d5580000, 0x00000000e6f00000, 0x0000000100000000)
  eden space 222720K, 36% used [0x00000000d5580000,0x00000000da5198e0,0x00000000e2f00000)
  from space 12288K, 98% used [0x00000000e3500000,0x00000000e40c3d50,0x00000000e4100000)
  to   space 32768K, 0% used [0x00000000e4f00000,0x00000000e4f00000,0x00000000e6f00000)
 ParOldGen       total 215040K, used 81847K [0x0000000080000000, 0x000000008d200000, 0x00000000d5580000)
  object space 215040K, 38% used [0x0000000080000000,0x0000000084fede20,0x000000008d200000)
 Metaspace       used 93367K, capacity 98532K, committed 98600K, reserved 1134592K
  class space    used 12201K, capacity 13166K, committed 13232K, reserved 1048576K
Event: 2012.273 GC heap after
Heap after GC invocations=17 (full 3):
 PSYoungGen      total 242176K, used 17535K [0x00000000d5580000, 0x00000000e6800000, 0x0000000100000000)
  eden space 216576K, 0% used [0x00000000d5580000,0x00000000d5580000,0x00000000e2900000)
  from space 25600K, 68% used [0x00000000e4f00000,0x00000000e601ff70,0x00000000e6800000)
  to   space 32256K, 0% used [0x00000000e2900000,0x00000000e2900000,0x00000000e4880000)
 ParOldGen       total 215040K, used 81855K [0x0000000080000000, 0x000000008d200000, 0x00000000d5580000)
  object space 215040K, 38% used [0x0000000080000000,0x0000000084fefe20,0x000000008d200000)
 Metaspace       used 93367K, capacity 98532K, committed 98600K, reserved 1134592K
  class space    used 12201K, capacity 13166K, committed 13232K, reserved 1048576K
}
Event: 2012.273 GC heap before
{Heap before GC invocations=18 (full 4):
 PSYoungGen      total 242176K, used 17535K [0x00000000d5580000, 0x00000000e6800000, 0x0000000100000000)
  eden space 216576K, 0% used [0x00000000d5580000,0x00000000d5580000,0x00000000e2900000)
  from space 25600K, 68% used [0x00000000e4f00000,0x00000000e601ff70,0x00000000e6800000)
  to   space 32256K, 0% used [0x00000000e2900000,0x00000000e2900000,0x00000000e4880000)
 ParOldGen       total 215040K, used 81855K [0x0000000080000000, 0x000000008d200000, 0x00000000d5580000)
  object space 215040K, 38% used [0x0000000080000000,0x0000000084fefe20,0x000000008d200000)
 Metaspace       used 93367K, capacity 98532K, committed 98600K, reserved 1134592K
  class space    used 12201K, capacity 13166K, committed 13232K, reserved 1048576K
Event: 2012.537 GC heap after
Heap after GC invocations=18 (full 4):
 PSYoungGen      total 242176K, used 0K [0x00000000d5580000, 0x00000000e6800000, 0x0000000100000000)
  eden space 216576K, 0% used [0x00000000d5580000,0x00000000d5580000,0x00000000e2900000)
  from space 25600K, 0% used [0x00000000e4f00000,0x00000000e4f00000,0x00000000e6800000)
  to   space 32256K, 0% used [0x00000000e2900000,0x00000000e2900000,0x00000000e4880000)
 ParOldGen       total 335872K, used 63847K [0x0000000080000000, 0x0000000094800000, 0x00000000d5580000)
  object space 335872K, 19% used [0x0000000080000000,0x0000000083e59f70,0x0000000094800000)
 Metaspace       used 92994K, capacity 97502K, committed 98600K, reserved 1134592K
  class space    used 12085K, capacity 12974K, committed 13232K, reserved 1048576K
}
Event: 2021.073 GC heap before
{Heap before GC invocations=19 (full 4):
 PSYoungGen      total 242176K, used 216576K [0x00000000d5580000, 0x00000000e6800000, 0x0000000100000000)
  eden space 216576K, 100% used [0x00000000d5580000,0x00000000e2900000,0x00000000e2900000)
  from space 25600K, 0% used [0x00000000e4f00000,0x00000000e4f00000,0x00000000e6800000)
  to   space 32256K, 0% used [0x00000000e2900000,0x00000000e2900000,0x00000000e4880000)
 ParOldGen       total 335872K, used 63847K [0x0000000080000000, 0x0000000094800000, 0x00000000d5580000)
  object space 335872K, 19% used [0x0000000080000000,0x0000000083e59f70,0x0000000094800000)
 Metaspace       used 98722K, capacity 103450K, committed 103832K, reserved 1138688K
  class space    used 12723K, capacity 13652K, committed 13744K, reserved 1048576K
Event: 2021.094 GC heap after
Heap after GC invocations=19 (full 4):
 PSYoungGen      total 248832K, used 10542K [0x00000000d5580000, 0x00000000e7c80000, 0x0000000100000000)
  eden space 216576K, 0% used [0x00000000d5580000,0x00000000d5580000,0x00000000e2900000)
  from space 32256K, 32% used [0x00000000e2900000,0x00000000e334bac0,0x00000000e4880000)
  to   space 31232K, 0% used [0x00000000e5e00000,0x00000000e5e00000,0x00000000e7c80000)
 ParOldGen       total 335872K, used 63855K [0x0000000080000000, 0x0000000094800000, 0x00000000d5580000)
  object space 335872K, 19% used [0x0000000080000000,0x0000000083e5bf70,0x0000000094800000)
 Metaspace       used 98722K, capacity 103450K, committed 103832K, reserved 1138688K
  class space    used 12723K, capacity 13652K, committed 13744K, reserved 1048576K
}
Event: 2025.599 GC heap before
{Heap before GC invocations=20 (full 4):
 PSYoungGen      total 248832K, used 227118K [0x00000000d5580000, 0x00000000e7c80000, 0x0000000100000000)
  eden space 216576K, 100% used [0x00000000d5580000,0x00000000e2900000,0x00000000e2900000)
  from space 32256K, 32% used [0x00000000e2900000,0x00000000e334bac0,0x00000000e4880000)
  to   space 31232K, 0% used [0x00000000e5e00000,0x00000000e5e00000,0x00000000e7c80000)
 ParOldGen       total 335872K, used 63855K [0x0000000080000000, 0x0000000094800000, 0x00000000d5580000)
  object space 335872K, 19% used [0x0000000080000000,0x0000000083e5bf70,0x0000000094800000)
 Metaspace       used 106064K, capacity 111424K, committed 111640K, reserved 1146880K
  class space    used 13757K, capacity 14779K, committed 14896K, reserved 1048576K
Event: 2025.631 GC heap after
Heap after GC invocations=20 (full 4):
 PSYoungGen      total 271360K, used 18088K [0x00000000d5580000, 0x00000000e7d80000, 0x0000000100000000)
  eden space 240128K, 0% used [0x00000000d5580000,0x00000000d5580000,0x00000000e4000000)
  from space 31232K, 57% used [0x00000000e5e00000,0x00000000e6faa030,0x00000000e7c80000)
  to   space 30720K, 0% used [0x00000000e4000000,0x00000000e4000000,0x00000000e5e00000)
 ParOldGen       total 335872K, used 63863K [0x0000000080000000, 0x0000000094800000, 0x00000000d5580000)
  object space 335872K, 19% used [0x0000000080000000,0x0000000083e5df70,0x0000000094800000)
 Metaspace       used 106064K, capacity 111424K, committed 111640K, reserved 1146880K
  class space    used 13757K, capacity 14779K, committed 14896K, reserved 1048576K
}

